  [1m[36m (0.0ms)[0m  [1mselect sqlite_version(*)[0m
  [1m[35m (15.6ms)[0m  CREATE TABLE "schema_migrations" ("version" varchar(255) NOT NULL) 
  [1m[36m (0.0ms)[0m  [1mPRAGMA index_list("schema_migrations")[0m
  [1m[35m (0.0ms)[0m  CREATE UNIQUE INDEX "unique_schema_migrations" ON "schema_migrations" ("version")
  [1m[36m (0.0ms)[0m  [1mSELECT "schema_migrations"."version" FROM "schema_migrations" [0m


Started GET "/pages/home" for 127.0.0.1 at 2012-02-04 11:25:52 -0600
  Processing by PagesController#home as HTML
Rendered pages/home.html.erb within layouts/application (202.8ms)
Compiled application.css  (15ms)  (pid 6292)
Compiled pages.css  (15ms)  (pid 6292)
Compiled application.js  (15ms)  (pid 6292)
Compiled jquery.js  (109ms)  (pid 6292)
Compiled jquery_ujs.js  (62ms)  (pid 6292)
Compiled pages.js  (1684ms)  (pid 6292)
Completed 200 OK in 3151ms (Views: 3151.2ms | ActiveRecord: 0.0ms)


Started GET "/assets/application.css?body=1" for 127.0.0.1 at 2012-02-04 11:26:21 -0600
Served asset /application.css - 200 OK (0ms)


Started GET "/assets/pages.css?body=1" for 127.0.0.1 at 2012-02-04 11:26:21 -0600
Served asset /pages.css - 200 OK (31ms)


Started GET "/assets/application.js?body=1" for 127.0.0.1 at 2012-02-04 11:26:21 -0600
Served asset /application.js - 200 OK (0ms)


Started GET "/assets/jquery_ujs.js?body=1" for 127.0.0.1 at 2012-02-04 11:26:21 -0600
Served asset /jquery_ujs.js - 200 OK (15ms)


Started GET "/assets/jquery.js?body=1" for 127.0.0.1 at 2012-02-04 11:26:21 -0600
Served asset /jquery.js - 200 OK (15ms)


Started GET "/assets/pages.js?body=1" for 127.0.0.1 at 2012-02-04 11:26:21 -0600
Served asset /pages.js - 200 OK (15ms)


Started GET "/pages/home" for 127.0.0.1 at 2012-02-04 14:59:36 -0600
  Processing by PagesController#home as HTML
Rendered pages/home.html.erb (15.6ms)
Completed 200 OK in 31ms (Views: 31.2ms | ActiveRecord: 0.0ms)


Started GET "/pages/home" for 127.0.0.1 at 2012-02-04 17:52:34 -0600
  Processing by PagesController#home as HTML
Rendered pages/home.html.erb (179.0ms)
Completed 200 OK in 785ms (Views: 785.0ms | ActiveRecord: 0.0ms)


Started GET "/pages/home" for 127.0.0.1 at 2012-02-04 17:53:55 -0600
  Processing by PagesController#home as HTML
Rendered pages/home.html.erb (1.0ms)
Completed 200 OK in 25ms (Views: 24.0ms | ActiveRecord: 0.0ms)


Started GET "/pages/home" for 127.0.0.1 at 2012-02-04 17:55:17 -0600
  Processing by PagesController#home as HTML
Rendered pages/home.html.erb (3.0ms)
Completed 200 OK in 25ms (Views: 24.0ms | ActiveRecord: 0.0ms)
  [1m[36m (1.0ms)[0m  [1mSELECT "schema_migrations"."version" FROM "schema_migrations" [0m


Started GET "/pages/home" for 127.0.0.1 at 2012-02-04 18:58:08 -0600
  Processing by PagesController#home as HTML
Rendered pages/home.html.erb within layouts/application (1.0ms)
Completed 200 OK in 37ms (Views: 36.0ms | ActiveRecord: 0.0ms)


Started GET "/pages/contact" for 127.0.0.1 at 2012-02-04 18:58:20 -0600
  Processing by PagesController#contact as HTML
Rendered pages/contact.html.erb within layouts/application (1.0ms)
Completed 200 OK in 28ms (Views: 28.0ms | ActiveRecord: 0.0ms)


Started GET "/pages/home" for 127.0.0.1 at 2012-02-04 23:38:50 -0600
  Processing by PagesController#home as HTML
Rendered pages/home.html.erb within layouts/application (1.0ms)
Completed 200 OK in 30ms (Views: 29.0ms | ActiveRecord: 0.0ms)


Started GET "/pages/contact" for 127.0.0.1 at 2012-02-04 23:39:00 -0600
  Processing by PagesController#contact as HTML
Rendered pages/contact.html.erb within layouts/application (1.0ms)
Completed 200 OK in 29ms (Views: 28.0ms | ActiveRecord: 0.0ms)


Started GET "/pages/default" for 127.0.0.1 at 2012-02-04 23:39:10 -0600

ActionController::RoutingError (No route matches [GET] "/pages/default"):
  

Rendered c:/Ruby192/lib/ruby/gems/1.9.1/gems/actionpack-3.1.3/lib/action_dispatch/middleware/templates/rescues/routing_error.erb within rescues/layout (2.0ms)


Started GET "/pages/about" for 127.0.0.1 at 2012-02-04 23:39:18 -0600
  Processing by PagesController#about as HTML
Rendered pages/about.html.erb within layouts/application (2.0ms)
Completed 200 OK in 33ms (Views: 32.0ms | ActiveRecord: 0.0ms)
